<?xml version="1.0" encoding="UTF-8"?>
<!-- Generated by org.testng.reporters.JUnitReportReporter -->
<testsuite hostname="----" failures="0" tests="1" name="com.practice.SeleniumTest.SampleTest" time="11.857" errors="0" timestamp="2022-07-15T09:54:26 IST" skipped="0">
  <testcase classname="com.practice.SeleniumTest.SampleTest" name="createInstance" time="11.857"/>
  <system-out/>
</testsuite> <!-- com.practice.SeleniumTest.SampleTest -->
